The system is: Linux - 5.15.0-76-generic - x86_64
Compiling the C compiler identification source file "CMakeCCompilerId.c" succeeded.
Compiler: /usr/bin/gcc 
Build flags: -g;-c;-O0;-m32;-fno-pie;-fno-stack-protector;-fno-asynchronous-unwind-tables
Id flags:  

The output was:
0


Compilation of the C compiler identification source "CMakeCCompilerId.c" produced "CMakeCCompilerId.o"

The C compiler identification is GNU, found in "/home/rafael/Documents/diy-x86os/start/start/build/CMakeFiles/3.16.3/CompilerIdC/CMakeCCompilerId.o"

Determining if the C compiler works passed with the following output:
Change Dir: /home/rafael/Documents/diy-x86os/start/start/build/CMakeFiles/CMakeTmp

Run Build Command(s):/usr/bin/make cmTC_34a3c/fast && /usr/bin/make -f CMakeFiles/cmTC_34a3c.dir/build.make CMakeFiles/cmTC_34a3c.dir/build
make[1]: Entering directory '/home/rafael/Documents/diy-x86os/start/start/build/CMakeFiles/CMakeTmp'
Building C object CMakeFiles/cmTC_34a3c.dir/testCCompiler.c.o
/usr/bin/gcc   -g -c -O0 -m32 -fno-pie -fno-stack-protector -fno-asynchronous-unwind-tables    -o CMakeFiles/cmTC_34a3c.dir/testCCompiler.c.o   -c /home/rafael/Documents/diy-x86os/start/start/build/CMakeFiles/CMakeTmp/testCCompiler.c
Linking C executable cmTC_34a3c
/usr/bin/cmake -E cmake_link_script CMakeFiles/cmTC_34a3c.dir/link.txt --verbose=1
/usr/bin/gcc -g -c -O0 -m32 -fno-pie -fno-stack-protector -fno-asynchronous-unwind-tables     -rdynamic CMakeFiles/cmTC_34a3c.dir/testCCompiler.c.o  -o cmTC_34a3c 
gcc: warning: CMakeFiles/cmTC_34a3c.dir/testCCompiler.c.o: linker input file unused because linking not done
make[1]: Leaving directory '/home/rafael/Documents/diy-x86os/start/start/build/CMakeFiles/CMakeTmp'



Checking whether the ASM compiler is GNU using "--version" matched "(GNU assembler)|(GCC)|(Free Software Foundation)":
gcc (Ubuntu 9.4.0-1ubuntu1~20.04.1) 9.4.0
Copyright (C) 2019 Free Software Foundation, Inc.
This is free software; see the source for copying conditions.  There is NO
warranty; not even for MERCHANTABILITY or FITNESS FOR A PARTICULAR PURPOSE.

